
Started server on 139.99.61.26:7777, with maxplayers: 300 lanmode is OFF.

OGP_HOME_000000001_startup_scr.sh: line 2: 21363 Segmentation fault      ./samp03svr
Server './samp03svr ' crashed with exit code 0.  Respawning...

Started server on 139.99.61.26:7777, with maxplayers: 300 lanmode is OFF.

*** Error in `./samp03svr': corrupted size vs. prev_size: 0xe542d8c0 ***
======= Backtrace: =========
/lib/libc.so.6(+0x78dc0)[0xf7443dc0]
/lib/libc.so.6(+0x7a568)[0xf7445568]
/lib/libc.so.6(__libc_malloc+0x9a)[0xf744799a]
/lib/libstdc++.so.6(_Znwj+0x27)[0xf763ec97]
/lib/libstdc++.so.6(_Znaj+0x1b)[0xf763edab]
./samp03svr[0x807d788]
./samp03svr[0x807da8e]
./samp03svr[0x80705bf]
./samp03svr[0x8074928]
./samp03svr[0x80763fe]
/lib/libpthread.so.0(+0x6bbc)[0xf76e6bbc]
/lib/libc.so.6(clone+0x5e)[0xf74c91de]
======= Memory map: ========
08048000-0806c000 r-xp 00000000 08:01 83887619                           /home/ogp_agent/OGP_User_Files/1/samp03svr
0806c000-0806d000 rwxp 00024000 08:01 83887619                           /home/ogp_agent/OGP_User_Files/1/samp03svr
0806d000-08095000 r-xp 00025000 08:01 83887619                           /home/ogp_agent/OGP_User_Files/1/samp03svr
08095000-08097000 rwxp 0004d000 08:01 83887619                           /home/ogp_agent/OGP_User_Files/1/samp03svr
08097000-080a1000 r-xp 0004f000 08:01 83887619                           /home/ogp_agent/OGP_User_Files/1/samp03svr
080a1000-080a2000 rwxp 00059000 08:01 83887619                           /home/ogp_agent/OGP_User_Files/1/samp03svr
080a2000-080a5000 r-xp 0005a000 08:01 83887619                           /home/ogp_agent/OGP_User_Files/1/samp03svr
080a5000-080a6000 rwxp 0005d000 08:01 83887619                           /home/ogp_agent/OGP_User_Files/1/samp03svr
080a6000-080aa000 r-xp 0005e000 08:01 83887619                           /home/ogp_agent/OGP_User_Files/1/samp03svr
080aa000-080ab000 rwxp 00062000 08:01 83887619                           /home/ogp_agent/OGP_User_Files/1/samp03svr
080ab000-08155000 r-xp 00063000 08:01 83887619                           /home/ogp_agent/OGP_User_Files/1/samp03svr
08155000-08156000 rwxp 0010d000 08:01 83887619                           /home/ogp_agent/OGP_User_Files/1/samp03svr
08156000-08180000 r-xp 0010e000 08:01 83887619                           /home/ogp_agent/OGP_User_Files/1/samp03svr
08180000-081a2000 rw-p 00138000 08:01 83887619                           /home/ogp_agent/OGP_User_Files/1/samp03svr
081a2000-081cd000 rw-p 00000000 00:00 0 
08c16000-08c19000 rw-p 00000000 00:00 0                                  [heap]
08c19000-08c1b000 rwxp 00000000 00:00 0                                  [heap]
08c1b000-1faa4000 rw-p 00000000 00:00 0                                  [heap]
d72fb000-d73fc000 rw-p 00000000 00:00 0 
d74fd000-d7700000 rw-p 00000000 00:00 0 
d7700000-d78ce000 rw-p 00000000 00:00 0 
d78ce000-d7900000 ---p 00000000 00:00 0 
d7900000-d7b00000 rw-p 00000000 00:00 0 
d7b00000-d7ced000 rw-p 00000000 00:00 0 
d7ced000-d7d00000 ---p 00000000 00:00 0 
d7d00000-d7e00000 rw-p 00000000 00:00 0 
d7e71000-d8275000 rw-p 00000000 00:00 0 
d82f4000-d8578000 rw-p 00000000 00:00 0 
d85f8000-d877a000 rw-p 00000000 00:00 0 
d87fa000-d8d00000 rw-p 00000000 00:00 0 
d8d00000-d8f00000 rw-p 00000000 00:00 0 
d8f00000-d9000000 rw-p 00000000 00:00 0 
d90fe000-d9200000 rw-p 00000000 00:00 0 
d9200000-d9400000 rw-p 00000000 00:00 0 
d9400000-d94fa000 rw-p 00000000 00:00 0 
d94fa000-d9500000 ---p 00000000 00:00 0 
d9500000-d9600000 rw-p 00000000 00:00 0 
d9600000-d9800000 rw-p 00000000 00:00 0 
d9800000-d98fd000 rw-p 00000000 00:00 0 
d98fd000-d9900000 ---p 00000000 00:00 0 
d9900000-d99e4000 rw-p 00000000 00:00 0 
d99e4000-d9a00000 ---p 00000000 00:00 0 
d9a00000-d9c00000 rw-p 00000000 00:00 0 
d9c00000-d9e00000 rw-p 00000000 00:00 0 
d9e00000-d9f00000 rw-p 00000000 00:00 0 
d9f7e000-da100000 rw-p 00000000 00:00 0 
da100000-da1ee000 rw-p 00000000 00:00 0 
da1ee000-da200000 ---p 00000000 00:00 0 
da200000-da2f6000 rw-p 00000000 00:00 0 
da2f6000-da300000 ---p 00000000 00:00 0 
da300000-da500000 rw-p 00000000 00:00 0 
da500000-da600000 rw-p 00000000 00:00 0 
da676000-daafe000 rw-p 00000000 00:00 0 
dab7e000-dad00000 rw-p 00000000 00:00 0 
dad00000-dae00000 rw-p 00000000 00:00 0 
dae7f000-daf00000 rw-p 00000000 00:00 0 
daf00000-db100000 rw-p 00000000 00:00 0 
db100000-db1e8000 rw-p 00000000 00:00 0 
db1e8000-db200000 ---p 00000000 00:00 0 
db200000-db2c1000 rw-p 00000000 00:00 0 
db2c1000-db300000 ---p 00000000 00:00 0 
db300000-db400000 rw-p 00000000 00:00 0 
db47e000-db600000 rw-p 00000000 00:00 0 
db600000-db7da000 rw-p 00000000 00:00 0 
db7da000-db800000 ---p 00000000 00:00 0 
db800000-db8c4000 rw-p 00000000 00:00 0 
db8c4000-db900000 ---p 00000000 00:00 0 
db900000-dba00000 rw-p 00000000 00:00 0 
dba00000-dbc00000 rw-p 00000000 00:00 0 
dbc00000-dbd00000 rw-p 00000000 00:00 0 
dbd7e000-dbf00000 rw-p 00000000 00:00 0 
dbf00000-dc000000 rw-p 00000000 00:00 0 
dc07e000-dc200000 rw-p 00000000 00:00 0 
dc200000-dc2e4000 rw-p 00000000 00:00 0 
dc2e4000-dc300000 ---p 00000000 00:00 0 
dc300000-dc3c1000 rw-p 00000000 00:00 0 
dc3c1000-dc400000 ---p 00000000 00:00 0 
dc400000-dc5fe000 rw-p 00000000 00:00 0 
dc5fe000-dc600000 ---p 00000000 00:00 0 
dc600000-dc700000 rw-p 00000000 00:00 0 
dc77d000-dc7fe000 rw-p 00000000 00:00 0 
dc87e000-dca00000 rw-p 00000000 00:00 0 
dca00000-dcac1000 rw-p 00000000 00:00 0 
dcac1000-dcb00000 ---p 00000000 00:00 0 
dcb7d000-dcc7e000 rw-p 00000000 00:00 0 
dccfe000-dce00000 rw-p 00000000 00:00 0 
dce00000-dcec1000 rw-p 00000000 00:00 0 
dcec1000-dcf00000 ---p 00000000 00:00 0 
dcf69000-dd06a000 rw-p 00000000 00:00 0 
dd0ea000-dd9fb000 rw-p 00000000 00:00 0 
dda7b000-ddd00000 rw-p 00000000 00:00 0 
ddd00000-dddc1000 rw-p 00000000 00:00 0 
dddc1000-dde00000 ---p 00000000 00:00 0 
dde7e000-de000000 rw-p 00000000 00:00 0 
de000000-de1f1000 rw-p 00000000 00:00 0 
de1f1000-de200000 ---p 00000000 00:00 0 
de200000-de400000 rw-p 00000000 00:00 0 
de400000-de600000 rw-p 00000000 00:00 0 
de600000-de700000 rw-p 00000000 00:00 0 
de77d000-de87e000 rw-p 00000000 00:00 0 
de8fe000-dea00000 rw-p 00000000 00:00 0 
dea00000-deb00000 rw-p 00000000 00:00 0 
deb7f000-dec00000 rw-p 00000000 00:00 0 
dec00000-decc1000 rw-p 00000000 00:00 0 
decc1000-ded00000 ---p 00000000 00:00 0 
ded78000-df27f000 rw-p 00000000 00:00 0 
df27f000-df300000 rw-p 00000000 00:00 0 
df300000-df3c1000 rw-p 00000000 00:00 0 
df3c1000-df400000 ---p 00000000 00:00 0 
df47f000-df500000 rw-p 00000000 00:00 0 
df500000-df5c1000 rw-p 00000000 00:00 0 
df5c1000-df600000 ---p 00000000 00:00 0 
df67f000-df700000 rw-p 00000000 00:00 0 
df700000-df7c1000 rw-p 00000000 00:00 0 
df7c1000-df800000 ---p 00000000 00:00 0 
df87d000-dfb00000 rw-p 00000000 00:00 0 
dfb00000-dfbc1000 rw-p 00000000 00:00 0 
dfbc1000-dfc00000 ---p 00000000 00:00 0 
dfc7f000-dfd00000 rw-p 00000000 00:00 0 
dfd00000-dfdc1000 rw-p 00000000 00:00 0 
dfdc1000-dfe00000 ---p 00000000 00:00 0 
dfe00000-dfec1000 rw-p 00000000 00:00 0 
dfec1000-dff00000 ---p 00000000 00:00 0 
dff00000-dffc1000 rw-p 00000000 00:00 0 
dffc1000-e0000000 ---p 00000000 00:00 0 
e007d000-e0300000 rw-p 00000000 00:00 0 
e0300000-e03ef000 rw-p 00000000 00:00 0 
e03ef000-e0400000 ---p 00000000 00:00 0 
e0400000-e04c1000 rw-p 00000000 00:00 0 
e04c1000-e0500000 ---p 00000000 00:00 0 
e0500000-e06c1000 rw-p 00000000 00:00 0 
e06c1000-e0700000 ---p 00000000 00:00 0 
e0700000-e07c1000 rw-p 00000000 00:00 0 
e07c1000-e0800000 ---p 00000000 00:00 0 
e0800000-e08f6000 rw-p 00000000 00:00 0 
e08f6000-e0900000 ---p 00000000 00:00 0 
e0900000-e0a00000 rw-p 00000000 00:00 0 
e0a00000-e0ae7000 rw-p 00000000 00:00 0 
e0ae7000-e0b00000 ---p 00000000 00:00 0 
e0b7d000-e0d00000 rw-p 00000000 00:00 0 
e0d00000-e0dfd000 rw-p 00000000 00:00 0 OGP_HOME_000000001_startup_scr.sh: line 2: 23897 Aborted                 ./samp03svr
Server './samp03svr ' crashed with exit code 0.  Respawning...

Started server on 139.99.61.26:7777, with maxplayers: 300 lanmode is OFF.

