
Started server on 139.99.61.26:7777, with maxplayers: 520 lanmode is OFF.

OGP_HOME_000000001_startup_scr.sh: line 2: 13257 Segmentation fault      ./samp03svr
Server './samp03svr ' crashed with exit code 0.  Respawning...

Started server on 139.99.61.26:7777, with maxplayers: 520 lanmode is OFF.

samp03svr: amx/amx.c:1727: amx_Exec: Assertion `hdr->magic==0xf1e0' failed.
OGP_HOME_000000001_startup_scr.sh: line 2: 16633 Aborted                 ./samp03svr
Server './samp03svr ' crashed with exit code 0.  Respawning...

Started server on 139.99.61.26:7777, with maxplayers: 520 lanmode is OFF.

*** Error in `./samp03svr': free(): invalid next size (fast): 0xe4a61858 ***
======= Backtrace: =========
/lib/libc.so.6(+0x7966d)[0xf744266d]
/lib/libstdc++.so.6(_ZdlPv+0x1f)[0xf763aaef]
./samp03svr[0x806d4af]
./samp03svr[0x80aed32]
./samp03svr[0x80aef02]
./samp03svr[0x80aa13a]
/lib/libc.so.6(__libc_start_main+0xf3)[0xf73e32d3]
======= Memory map: ========
08048000-0806c000 r-xp 00000000 08:01 83887619                           /home/ogp_agent/OGP_User_Files/1/samp03svr
0806c000-0806d000 rwxp 00024000 08:01 83887619                           /home/ogp_agent/OGP_User_Files/1/samp03svr
0806d000-08095000 r-xp 00025000 08:01 83887619                           /home/ogp_agent/OGP_User_Files/1/samp03svr
08095000-08097000 rwxp 0004d000 08:01 83887619                           /home/ogp_agent/OGP_User_Files/1/samp03svr
08097000-080a1000 r-xp 0004f000 08:01 83887619                           /home/ogp_agent/OGP_User_Files/1/samp03svr
080a1000-080a2000 rwxp 00059000 08:01 83887619                           /home/ogp_agent/OGP_User_Files/1/samp03svr
080a2000-080a5000 r-xp 0005a000 08:01 83887619                           /home/ogp_agent/OGP_User_Files/1/samp03svr
080a5000-080a6000 rwxp 0005d000 08:01 83887619                           /home/ogp_agent/OGP_User_Files/1/samp03svr
080a6000-080aa000 r-xp 0005e000 08:01 83887619                           /home/ogp_agent/OGP_User_Files/1/samp03svr
080aa000-080ab000 rwxp 00062000 08:01 83887619                           /home/ogp_agent/OGP_User_Files/1/samp03svr
080ab000-08155000 r-xp 00063000 08:01 83887619                           /home/ogp_agent/OGP_User_Files/1/samp03svr
08155000-08156000 rwxp 0010d000 08:01 83887619                           /home/ogp_agent/OGP_User_Files/1/samp03svr
08156000-08180000 r-xp 0010e000 08:01 83887619                           /home/ogp_agent/OGP_User_Files/1/samp03svr
08180000-081a2000 rw-p 00138000 08:01 83887619                           /home/ogp_agent/OGP_User_Files/1/samp03svr
081a2000-081cd000 rw-p 00000000 00:00 0 
090e4000-090e7000 rw-p 00000000 00:00 0                                  [heap]
090e7000-090e9000 rwxp 00000000 00:00 0                                  [heap]
090e9000-1bb44000 rw-p 00000000 00:00 0                                  [heap]
e0500000-e05c1000 rw-p 00000000 00:00 0 
e05c1000-e0600000 ---p 00000000 00:00 0 
e0600000-e0681000 rw-p 00000000 00:00 0 
e0681000-e0700000 ---p 00000000 00:00 0 
e0700000-e07c1000 rw-p 00000000 00:00 0 
e07c1000-e0800000 ---p 00000000 00:00 0 
e0900000-e09c1000 rw-p 00000000 00:00 0 
e09c1000-e0a00000 ---p 00000000 00:00 0 
e0afe000-e0bff000 rw-p 00000000 00:00 0 
e0d00000-e0dc1000 rw-p 00000000 00:00 0 
e0dc1000-e0e00000 ---p 00000000 00:00 0 
e0e00000-e0ec1000 rw-p 00000000 00:00 0 
e0ec1000-e0f00000 ---p 00000000 00:00 0 
e0f00000-e0fc1000 rw-p 00000000 00:00 0 
e0fc1000-e1000000 ---p 00000000 00:00 0 
e10fe000-e1300000 rw-p 00000000 00:00 0 
e1300000-e13f7000 rw-p 00000000 00:00 0 
e13f7000-e1400000 ---p 00000000 00:00 0 
e1400000-e14c1000 rw-p 00000000 00:00 0 
e14c1000-e1500000 ---p 00000000 00:00 0 
e1500000-e1600000 rw-p 00000000 00:00 0 
e167e000-e1800000 rw-p 00000000 00:00 0 
e1800000-e1900000 rw-p 00000000 00:00 0 
e197d000-e1a7f000 rw-p 00000000 00:00 0 
e1b00000-e1bc8000 rw-p 00000000 00:00 0 
e1bc8000-e1c00000 ---p 00000000 00:00 0 
e1c7f000-e1d00000 rw-p 00000000 00:00 0 
e1d00000-e1dc1000 rw-p 00000000 00:00 0 
e1dc1000-e1e00000 ---p 00000000 00:00 0 
e1e7c000-e20fe000 rw-p 00000000 00:00 0 
e20fe000-e2200000 rw-p 00000000 00:00 0 
e2200000-e22c1000 rw-p 00000000 00:00 0 
e22c1000-e2300000 ---p 00000000 00:00 0 
e237f000-e2400000 rw-p 00000000 00:00 0 
e2400000-e24c1000 rw-p 00000000 00:00 0 
e24c1000-e2500000 ---p 00000000 00:00 0 
e257f000-e2600000 rw-p 00000000 00:00 0 
e2600000-e26c1000 rw-p 00000000 00:00 0 
e26c1000-e2700000 ---p 00000000 00:00 0 
e2700000-e27c1000 rw-p 00000000 00:00 0 
e27c1000-e2800000 ---p 00000000 00:00 0 
e2800000-e28c1000 rw-p 00000000 00:00 0 
e28c1000-e2900000 ---p 00000000 00:00 0 
e297e000-e2b00000 rw-p 00000000 00:00 0 
e2b00000-e2cff000 rw-p 00000000 00:00 0 
e2cff000-e2d00000 ---p 00000000 00:00 0 
e2d00000-e2f00000 rw-p 00000000 00:00 0 
e2f00000-e30e9000 rw-p 00000000 00:00 0 
e30e9000-e3100000 ---p 00000000 00:00 0 
e3100000-e3200000 rw-p 00000000 00:00 0 
e327e000-e32ff000 rw-p 00000000 00:00 0 
e337f000-e3400000 rw-p 00000000 00:00 0 
e3400000-e34e1000 rw-p 00000000 00:00 0 
e34e1000-e3500000 ---p 00000000 00:00 0 
e3500000-e3600000 rw-p 00000000 00:00 0 
e3600000-e36e1000 rw-p 00000000 00:00 0 
e36e1000-e3700000 ---p 00000000 00:00 0 
e377f000-e3800000 rw-p 00000000 00:00 0 
e3800000-e38c1000 rw-p 00000000 00:00 0 
e38c1000-e3900000 ---p 00000000 00:00 0 
e3900000-e39e1000 rw-p 00000000 00:00 0 
e39e1000-e3a00000 ---p 00000000 00:00 0 
e3a7f000-e3b00000 rw-p 00000000 00:00 0 
e3b00000-e3bff000 rw-p 00000000 00:00 0 
e3bff000-e3c00000 ---p 00000000 00:00 0 
e3c00000-e3ce7000 rw-p 00000000 00:00 0 
e3ce7000-e3d00000 ---p 00000000 00:00 0 
e3d00000-e3f00000 rw-p 00000000 00:00 0 
e3f00000-e40e2000 rw-p 00000000 00:00 0 
e40e2000-e4100000 ---p 00000000 00:00 0 
e4100000-e41fa000 rw-p 00000000 00:00 0 
e41fa000-e4200000 ---p 00000000 00:00 0 
e4200000-e42fe000 rw-p 00000000 00:00 0 
e42fe000-e4300000 ---p 00000000 00:00 0 
e4300000-e4500000 rw-p 00000000 00:00 0 
e4500000-e46f3000 rw-p 00000000 00:00 0 
e46f3000-e4700000 ---p 00000000 00:00 0 
e4700000-e47fe000 rw-p 00000000 00:00 0 
e47fe000-e4800000 ---p 00000000 00:00 0 
e4800000-e4900000 rw-p 00000000 00:00 0 
e4900000-e4b00000 rw-p 00000000 00:00 0 
e4b00000-e4cda000 rw-p 00000000 00:00 0 
e4cda000-e4d00000 ---p 00000000 00:00 0 
e4d00000-e4dc6000 rw-p 00000000 00:00 0 
e4dc6000-e4e00000 ---p 00000000 00:00 0 
e4e00000-e4ee1000 rw-p 00000000 00:00 0 
e4ee1000-e4f00000 ---p 00000000 00:00 0 
e4f00000-e4fe1000 rw-p 00000000 00:00 0 
e4fe1000-e5000000 ---p 00000000 00:00 0 
e5000000-e50f5000 rw-p 00000000 00:00 0 
e50f5000-e5100000 ---p 00000000 00:00 0 
e5100000-e51e1000 rw-p 00000000 00:00 0 
e51e1000-e5200000 ---p 00000000 00:00 0 
e5200000-e52e1000 rw-p 00000000 00:00 0 
e52e1000-e5300000 ---p 00000000 00:00 0 
e5300000-e53eb000 rw-p 00000000 00:00 0 
e53eb000-e5400000 ---p 00000000 00:00 0 
e5400000-e54e1000 rw-p 00000000 00:00 0 
e54e1000-e5500000 ---p 00000000 00:00 0 
e5500000-e5700000 rw-p 00000000 00:00 0 
e5700000-e58f2000 rw-p 00000000 00:00 0 
e58f2000-e5900000 ---p 00000000 00:00 0 
e5900000-e5b00000 rw-p 00000000 00:00 0 
e5b00000-e5cf6000 rw-p 00000000 00:00 0 
e5cf6000-e5d00000 ---p 00000000 00:00 0 
e5d00000-e5eee000 rw-p 00000000 00:00 0 
e5eee000-e5f00000 ---p 00000000 00:00 0 
e5f00000-e5fff000 rw-p 00000000 00:00 0 
e5fff000-e6000000 ---p 00000000 00:00 0 
e6000000-e60ff000 rw-p 00000000 00:00 0 
e60ff000-e6100000 ---p 00000000 00:00 0 
e6100000-e61fa000 rw-p 00000000 00:00 0 
e61fa000-e6200000 ---p 00000000 00:00 0 
e6200000-e6300000 rw-p 00000000 00:00 0 
e6300000-e6500000 rw-p 00000000 00:00 0 
e6500000-e6700000 rw-p 00000000 00:00 0 
e6700000-e68ff000 rw-p 00000000 00:00 0 
e68ff000-e6900000 ---p 00000000 00:00 0 
e6900000-e6a00000 rw-p 00000000 00:00 0 
e6a7a000-e6afb000 rw-p 00000000 00:00 0 
e6afb000-e6afc000 ---p 00000000 00:00 0 
e6afc000-e72fc000 rw-p 00000000 00:00 0 
e72fc000-e72fd000 ---p 00000000 00:00 0 OGP_HOME_000000001_startup_scr.sh: line 2:  1194 Aborted                 ./samp03svr
Server './samp03svr ' crashed with exit code 0.  Respawning...

Started server on 139.99.61.26:7777, with maxplayers: 520 lanmode is OFF.

