
Started server on 139.99.61.26:7777, with maxplayers: 250 lanmode is OFF.

*** Error in `./samp03svr': corrupted size vs. prev_size: 0xeb4f61c8 ***
======= Backtrace: =========
/lib/libc.so.6(+0x78dc0)[0xf7429dc0]
/lib/libc.so.6(+0x7a568)[0xf742b568]
/lib/libc.so.6(__libc_malloc+0x9a)[0xf742d99a]
/lib/libstdc++.so.6(_Znwj+0x27)[0xf7624c97]
/lib/libstdc++.so.6(_Znaj+0x1b)[0xf7624dab]
./samp03svr[0x807d788]
./samp03svr[0x807da8e]
./samp03svr[0x80705bf]
./samp03svr[0x8074928]
./samp03svr[0x80763fe]
/lib/libpthread.so.0(+0x6bbc)[0xf76ccbbc]
/lib/libc.so.6(clone+0x5e)[0xf74af1de]
======= Memory map: ========
08048000-0806c000 r-xp 00000000 08:01 83887619                           /home/ogp_agent/OGP_User_Files/1/samp03svr
0806c000-0806d000 rwxp 00024000 08:01 83887619                           /home/ogp_agent/OGP_User_Files/1/samp03svr
0806d000-08095000 r-xp 00025000 08:01 83887619                           /home/ogp_agent/OGP_User_Files/1/samp03svr
08095000-08097000 rwxp 0004d000 08:01 83887619                           /home/ogp_agent/OGP_User_Files/1/samp03svr
08097000-080a1000 r-xp 0004f000 08:01 83887619                           /home/ogp_agent/OGP_User_Files/1/samp03svr
080a1000-080a2000 rwxp 00059000 08:01 83887619                           /home/ogp_agent/OGP_User_Files/1/samp03svr
080a2000-080a5000 r-xp 0005a000 08:01 83887619                           /home/ogp_agent/OGP_User_Files/1/samp03svr
080a5000-080a6000 rwxp 0005d000 08:01 83887619                           /home/ogp_agent/OGP_User_Files/1/samp03svr
080a6000-080aa000 r-xp 0005e000 08:01 83887619                           /home/ogp_agent/OGP_User_Files/1/samp03svr
080aa000-080ab000 rwxp 00062000 08:01 83887619                           /home/ogp_agent/OGP_User_Files/1/samp03svr
080ab000-08155000 r-xp 00063000 08:01 83887619                           /home/ogp_agent/OGP_User_Files/1/samp03svr
08155000-08156000 rwxp 0010d000 08:01 83887619                           /home/ogp_agent/OGP_User_Files/1/samp03svr
08156000-08180000 r-xp 0010e000 08:01 83887619                           /home/ogp_agent/OGP_User_Files/1/samp03svr
08180000-081a2000 rw-p 00138000 08:01 83887619                           /home/ogp_agent/OGP_User_Files/1/samp03svr
081a2000-081cd000 rw-p 00000000 00:00 0 
08296000-08299000 rw-p 00000000 00:00 0                                  [heap]
08299000-0829b000 rwxp 00000000 00:00 0                                  [heap]
0829b000-1bd49000 rw-p 00000000 00:00 0                                  [heap]
d8100000-d8200000 rw-p 00000000 00:00 0 
dbaf7000-dbaf8000 ---p 00000000 00:00 0 
dbaf8000-dc2f8000 rw-p 00000000 00:00 0 
de2fc000-de2fd000 ---p 00000000 00:00 0 
de2fd000-deafd000 rw-p 00000000 00:00 0 
e0300000-e0400000 rw-p 00000000 00:00 0 
e14f0000-e14f1000 ---p 00000000 00:00 0 
e14f1000-e1cf1000 rw-p 00000000 00:00 0 
e1f00000-e1f81000 rw-p 00000000 00:00 0 
e1f81000-e2000000 ---p 00000000 00:00 0 
e20ff000-e2200000 rw-p 00000000 00:00 0 
e2200000-e22c1000 rw-p 00000000 00:00 0 
e22c1000-e2300000 ---p 00000000 00:00 0 
e2300000-e23c1000 rw-p 00000000 00:00 0 
e23c1000-e2400000 ---p 00000000 00:00 0 
e2400000-e24c1000 rw-p 00000000 00:00 0 
e24c1000-e2500000 ---p 00000000 00:00 0 
e25fe000-e26ff000 rw-p 00000000 00:00 0 
e277f000-e2800000 rw-p 00000000 00:00 0 
e2800000-e29ed000 rw-p 00000000 00:00 0 
e29ed000-e2a00000 ---p 00000000 00:00 0 
e2a00000-e2ae6000 rw-p 00000000 00:00 0 
e2ae6000-e2b00000 ---p 00000000 00:00 0 
e2b00000-e2c00000 rw-p 00000000 00:00 0 
e2c00000-e2e00000 rw-p 00000000 00:00 0 
e2e00000-e2fe8000 rw-p 00000000 00:00 0 
e2fe8000-e3000000 ---p 00000000 00:00 0 
e3000000-e30c1000 rw-p 00000000 00:00 0 
e30c1000-e3100000 ---p 00000000 00:00 0 
e3100000-e31c1000 rw-p 00000000 00:00 0 
e31c1000-e3200000 ---p 00000000 00:00 0 
e3200000-e33e5000 rw-p 00000000 00:00 0 
e33e5000-e3400000 ---p 00000000 00:00 0 
e3400000-e3500000 rw-p 00000000 00:00 0 
e357e000-e3700000 rw-p 00000000 00:00 0 
e3700000-e3800000 rw-p 00000000 00:00 0 
e387f000-e3900000 rw-p 00000000 00:00 0 
e3900000-e39c1000 rw-p 00000000 00:00 0 
e39c1000-e3a00000 ---p 00000000 00:00 0 
e3a00000-e3ac1000 rw-p 00000000 00:00 0 
e3ac1000-e3b00000 ---p 00000000 00:00 0 
e3b00000-e3bc1000 rw-p 00000000 00:00 0 
e3bc1000-e3c00000 ---p 00000000 00:00 0 
e3c74000-e3cf5000 rw-p 00000000 00:00 0 
e3cf5000-e3cf6000 ---p 00000000 00:00 0 
e3cf6000-e44f6000 rw-p 00000000 00:00 0 
e44fe000-e45ff000 rw-p 00000000 00:00 0 
e467f000-e4700000 rw-p 00000000 00:00 0 
e4700000-e48fa000 rw-p 00000000 00:00 0 
e48fa000-e4900000 ---p 00000000 00:00 0 
e4900000-e49c1000 rw-p 00000000 00:00 0 
e49c1000-e4a00000 ---p 00000000 00:00 0 
e4a00000-e4ac1000 rw-p 00000000 00:00 0 
e4ac1000-e4b00000 ---p 00000000 00:00 0 
e4b00000-e4cc1000 rw-p 00000000 00:00 0 
e4cc1000-e4d00000 ---p 00000000 00:00 0 
e4d00000-e4de1000 rw-p 00000000 00:00 0 
e4de1000-e4e00000 ---p 00000000 00:00 0 
e4e00000-e4ec1000 rw-p 00000000 00:00 0 
e4ec1000-e4f00000 ---p 00000000 00:00 0 
e4f00000-e4fc1000 rw-p 00000000 00:00 0 
e4fc1000-e5000000 ---p 00000000 00:00 0 
e5000000-e50c1000 rw-p 00000000 00:00 0 
e50c1000-e5100000 ---p 00000000 00:00 0 
e517e000-e5300000 rw-p 00000000 00:00 0 
e5300000-e53c1000 rw-p 00000000 00:00 0 
e53c1000-e5400000 ---p 00000000 00:00 0 
e5400000-e54c1000 rw-p 00000000 00:00 0 
e54c1000-e5500000 ---p 00000000 00:00 0 
e5500000-e55e1000 rw-p 00000000 00:00 0 
e55e1000-e5600000 ---p 00000000 00:00 0 
e567e000-e5800000 rw-p 00000000 00:00 0 
e5800000-e59f2000 rw-p 00000000 00:00 0 
e59f2000-e5a00000 ---p 00000000 00:00 0 
e5a00000-e5c00000 rw-p 00000000 00:00 0 
e5c00000-e5d00000 rw-p 00000000 00:00 0 
e5d7d000-e5f00000 rw-p 00000000 00:00 0 
e5f00000-e5fd2000 rw-p 00000000 00:00 0 
e5fd2000-e6000000 ---p 00000000 00:00 0 
e607f000-e6100000 rw-p 00000000 00:00 0 
e6100000-e62db000 rw-p 00000000 00:00 0 
e62db000-e6300000 ---p 00000000 00:00 0 
e6300000-e63e1000 rw-p 00000000 00:00 0 
e63e1000-e6400000 ---p 00000000 00:00 0 
e6400000-e6500000 rw-p 00000000 00:00 0 
e6500000-e65c1000 rw-p 00000000 00:00 0 
e65c1000-e6600000 ---p 00000000 00:00 0 
e6600000-e66e1000 rw-p 00000000 00:00 0 
e66e1000-e6700000 ---p 00000000 00:00 0 
e6700000-e67e1000 rw-p 00000000 00:00 0 
e67e1000-e6800000 ---p 00000000 00:00 0 
e687f000-e6900000 rw-p 00000000 00:00 0 
e6900000-e69e1000 rw-p 00000000 00:00 0 
e69e1000-e6a00000 ---p 00000000 00:00 0 
e6a7f000-e6b00000 rw-p 00000000 00:00 0 
e6b00000-e6be1000 rw-p 00000000 00:00 0 
e6be1000-e6c00000 ---p 00000000 00:00 0 
e6c00000-e6ce1000 rw-p 00000000 00:00 0 
e6ce1000-e6d00000 ---p 00000000 00:00 0 
e6d00000-e6df1000 rw-p 00000000 00:00 0 
e6df1000-e6e00000 ---p 00000000 00:00 0 
e6e00000-e6ef1000 rw-p 00000000 00:00 0 
e6ef1000-e6f00000 ---p 00000000 00:00 0 
e6f00000-e6ffd000 rw-p 00000000 00:00 0 
e6ffd000-e7000000 ---p 00000000 00:00 0 
e7000000-e70f7000 rw-p 00000000 00:00 0 
e70f7000-e7100000 ---p 00000000 00:00 0 
e7100000-e72f7000 rw-p 00000000 00:00 0 
e72f7000-e7300000 ---p 00000000 00:00 0 
e7300000-e73e1000 rw-p 00000000 00:00 0 
e73e1000-e7400000 ---p 00000000 00:00 0 
e7400000-e74d1000 rw-p 00000000 00:00 0 
e74d1000-e7500000 ---p 00000000 00:00 0 
e7500000-e75fe000 rw-p 00000000 00:00 0 
e75fe000-e7600000 ---p 00000000 00:00 0 
e7600000-e76f3000 rw-p 00000000 00:00 0 
e76f3000-e7700000 ---p 00000000 00:00 0 
e7700000-e7900000 rw-p 00000000 00:00 0 
e7900000-e7b00000 rw-p 00000000 00:00 0 
e7b00000-e7bfd000 rw-p 00000000 00:00 0 
e7bfd000-e7c00000 ---p 00000000 00:00 0 
e7c7c000-e7cfd000 rw-p 00000000 00:00 0 
e7cfd000-e7cfe000 ---p 00000000 00:00 0 OGP_HOME_000000001_startup_scr.sh: line 2: 22898 Aborted                 ./samp03svr
Server './samp03svr ' crashed with exit code 0.  Respawning...

Started server on 139.99.61.26:7777, with maxplayers: 250 lanmode is OFF.

