
Started server on 139.99.61.26:7777, with maxplayers: 300 lanmode is OFF.

OGP_HOME_000000001_startup_scr.sh: line 2: 32421 Segmentation fault      ./samp03svr
Server './samp03svr ' crashed with exit code 0.  Respawning...

Started server on 139.99.61.26:7777, with maxplayers: 300 lanmode is OFF.

*** Error in `./samp03svr': malloc(): smallbin double linked list corrupted: 0x0a74ab10 ***
======= Backtrace: =========
/lib/libc.so.6(+0x77e2c)[0xf74f0e2c]
/lib/libc.so.6(+0x7aec8)[0xf74f3ec8]
/lib/libc.so.6(__libc_malloc+0x9a)[0xf74f599a]
/lib/libstdc++.so.6(_Znwj+0x27)[0xf76ecc97]
/lib/libstdc++.so.6(_Znaj+0x1b)[0xf76ecdab]
./samp03svr[0x806e9be]
./samp03svr[0x806eb03]
./samp03svr[0x807bba8]
./samp03svr[0x8071b43]
./samp03svr[0x807c193]
./samp03svr[0x806d61f]
./samp03svr[0x807c30f]
./samp03svr[0x80ac193]
./samp03svr[0x814b913]
./samp03svr[0x80deae5]
./samp03svr[0x8096a07]
plugins/streamer.so(+0x38676)[0xf72c2676]
./samp03svr[0x80ebc05]
./samp03svr[0x80af03c]
./samp03svr[0x80aa13a]
/lib/libc.so.6(__libc_start_main+0xf3)[0xf74932d3]
======= Memory map: ========
08048000-0806c000 r-xp 00000000 08:01 83887619                           /home/ogp_agent/OGP_User_Files/1/samp03svr
0806c000-0806d000 rwxp 00024000 08:01 83887619                           /home/ogp_agent/OGP_User_Files/1/samp03svr
0806d000-08095000 r-xp 00025000 08:01 83887619                           /home/ogp_agent/OGP_User_Files/1/samp03svr
08095000-08097000 rwxp 0004d000 08:01 83887619                           /home/ogp_agent/OGP_User_Files/1/samp03svr
08097000-080a1000 r-xp 0004f000 08:01 83887619                           /home/ogp_agent/OGP_User_Files/1/samp03svr
080a1000-080a2000 rwxp 00059000 08:01 83887619                           /home/ogp_agent/OGP_User_Files/1/samp03svr
080a2000-080a5000 r-xp 0005a000 08:01 83887619                           /home/ogp_agent/OGP_User_Files/1/samp03svr
080a5000-080a6000 rwxp 0005d000 08:01 83887619                           /home/ogp_agent/OGP_User_Files/1/samp03svr
080a6000-080aa000 r-xp 0005e000 08:01 83887619                           /home/ogp_agent/OGP_User_Files/1/samp03svr
080aa000-080ab000 rwxp 00062000 08:01 83887619                           /home/ogp_agent/OGP_User_Files/1/samp03svr
080ab000-08155000 r-xp 00063000 08:01 83887619                           /home/ogp_agent/OGP_User_Files/1/samp03svr
08155000-08156000 rwxp 0010d000 08:01 83887619                           /home/ogp_agent/OGP_User_Files/1/samp03svr
08156000-08180000 r-xp 0010e000 08:01 83887619                           /home/ogp_agent/OGP_User_Files/1/samp03svr
08180000-081a2000 rw-p 00138000 08:01 83887619                           /home/ogp_agent/OGP_User_Files/1/samp03svr
081a2000-081cd000 rw-p 00000000 00:00 0 
0962a000-0962d000 rw-p 00000000 00:00 0                                  [heap]
0962d000-0962f000 rwxp 00000000 00:00 0                                  [heap]
0962f000-1f6c4000 rw-p 00000000 00:00 0                                  [heap]
d5ee8000-d5ee9000 ---p 00000000 00:00 0 
d5ee9000-d66e9000 rw-p 00000000 00:00 0 
d66e9000-d66ea000 ---p 00000000 00:00 0 
d66ea000-d6eea000 rw-p 00000000 00:00 0 
dd6f7000-dd6f8000 ---p 00000000 00:00 0 
dd6f8000-ddef8000 rw-p 00000000 00:00 0 
df1ff000-df400000 rw-p 00000000 00:00 0 
df400000-df4f0000 rw-p 00000000 00:00 0 
df4f0000-df500000 ---p 00000000 00:00 0 
df500000-df5e1000 rw-p 00000000 00:00 0 
df5e1000-df600000 ---p 00000000 00:00 0 
df600000-df800000 rw-p 00000000 00:00 0 
df800000-dfa00000 rw-p 00000000 00:00 0 
dfa00000-dfb00000 rw-p 00000000 00:00 0 
dfe00000-e0000000 rw-p 00000000 00:00 0 
e0000000-e0200000 rw-p 00000000 00:00 0 
e0200000-e0400000 rw-p 00000000 00:00 0 
e0400000-e05e0000 rw-p 00000000 00:00 0 
e05e0000-e0600000 ---p 00000000 00:00 0 
e0600000-e06fb000 rw-p 00000000 00:00 0 
e06fb000-e0700000 ---p 00000000 00:00 0 
e0700000-e07c1000 rw-p 00000000 00:00 0 
e07c1000-e0800000 ---p 00000000 00:00 0 
e0800000-e0881000 rw-p 00000000 00:00 0 
e0881000-e0900000 ---p 00000000 00:00 0 
e0900000-e09c1000 rw-p 00000000 00:00 0 
e09c1000-e0a00000 ---p 00000000 00:00 0 
e0b00000-e0be1000 rw-p 00000000 00:00 0 
e0be1000-e0c00000 ---p 00000000 00:00 0 
e0d00000-e0ed9000 rw-p 00000000 00:00 0 
e0ed9000-e0f00000 ---p 00000000 00:00 0 
e0f00000-e10d3000 rw-p 00000000 00:00 0 
e10d3000-e1100000 ---p 00000000 00:00 0 
e1100000-e1300000 rw-p 00000000 00:00 0 
e1300000-e14f2000 rw-p 00000000 00:00 0 
e14f2000-e1500000 ---p 00000000 00:00 0 
e1500000-e15cb000 rw-p 00000000 00:00 0 
e15cb000-e1600000 ---p 00000000 00:00 0 
e16ff000-e1700000 ---p 00000000 00:00 0 
e1700000-e1f00000 rw-p 00000000 00:00 0 
e1f00000-e1fc1000 rw-p 00000000 00:00 0 
e1fc1000-e2000000 ---p 00000000 00:00 0 
e2000000-e20c1000 rw-p 00000000 00:00 0 
e20c1000-e2100000 ---p 00000000 00:00 0 
e2100000-e21e1000 rw-p 00000000 00:00 0 
e21e1000-e2200000 ---p 00000000 00:00 0 
e22fe000-e23ff000 rw-p 00000000 00:00 0 
e247f000-e2500000 rw-p 00000000 00:00 0 
e2500000-e25c1000 rw-p 00000000 00:00 0 
e25c1000-e2600000 ---p 00000000 00:00 0 
e2600000-e26c1000 rw-p 00000000 00:00 0 
e26c1000-e2700000 ---p 00000000 00:00 0 
e2700000-e27e1000 rw-p 00000000 00:00 0 
e27e1000-e2800000 ---p 00000000 00:00 0 
e287f000-e2900000 rw-p 00000000 00:00 0 
e2900000-e29ec000 rw-p 00000000 00:00 0 
e29ec000-e2a00000 ---p 00000000 00:00 0 
e2a7f000-e2b00000 rw-p 00000000 00:00 0 
e2b00000-e2bff000 rw-p 00000000 00:00 0 
e2bff000-e2c00000 ---p 00000000 00:00 0 
e2c7f000-e2d00000 rw-p 00000000 00:00 0 
e2d00000-e2dc1000 rw-p 00000000 00:00 0 
e2dc1000-e2e00000 ---p 00000000 00:00 0 
e2e00000-e2ee1000 rw-p 00000000 00:00 0 
e2ee1000-e2f00000 ---p 00000000 00:00 0 
e2f00000-e2fc1000 rw-p 00000000 00:00 0 
e2fc1000-e3000000 ---p 00000000 00:00 0 
e3000000-e30e1000 rw-p 00000000 00:00 0 
e30e1000-e3100000 ---p 00000000 00:00 0 
e3100000-e32d9000 rw-p 00000000 00:00 0 
e32d9000-e3300000 ---p 00000000 00:00 0 
e3300000-e3400000 rw-p 00000000 00:00 0 
e347f000-e3500000 rw-p 00000000 00:00 0 
e3500000-e35e1000 rw-p 00000000 00:00 0 
e35e1000-e3600000 ---p 00000000 00:00 0 
e3600000-e36e1000 rw-p 00000000 00:00 0 
e36e1000-e3700000 ---p 00000000 00:00 0 
e3700000-e37e2000 rw-p 00000000 00:00 0 
e37e2000-e3800000 ---p 00000000 00:00 0 
e3800000-e38e1000 rw-p 00000000 00:00 0 
e38e1000-e3900000 ---p 00000000 00:00 0 
e3900000-e39f1000 rw-p 00000000 00:00 0 
e39f1000-e3a00000 ---p 00000000 00:00 0 
e3a00000-e3b00000 rw-p 00000000 00:00 0 
e3b00000-e3bfa000 rw-p 00000000 00:00 0 
e3bfa000-e3c00000 ---p 00000000 00:00 0 
e3c00000-e3cf9000 rw-p 00000000 00:00 0 
e3cf9000-e3d00000 ---p 00000000 00:00 0 
e3d00000-e3de1000 rw-p 00000000 00:00 0 
e3de1000-e3e00000 ---p 00000000 00:00 0 
e3e00000-e3eef000 rw-p 00000000 00:00 0 
e3eef000-e3f00000 ---p 00000000 00:00 0 
e3f00000-e3fed000 rw-p 00000000 00:00 0 
e3fed000-e4000000 ---p 00000000 00:00 0 
e4000000-e40f9000 rw-p 00000000 00:00 0 
e40f9000-e4100000 ---p 00000000 00:00 0 
e4100000-e42fd000 rw-p 00000000 00:00 0 
e42fd000-e4300000 ---p 00000000 00:00 0 
e4300000-e4500000 rw-p 00000000 00:00 0 
e4500000-e45ff000 rw-p 00000000 00:00 0 
e45ff000-e4600000 ---p 00000000 00:00 0 
e4600000-e46e5000 rw-p 00000000 00:00 0 
e46e5000-e4700000 ---p 00000000 00:00 0 
e4700000-e48fb000 rw-p 00000000 00:00 0 
e48fb000-e4900000 ---p 00000000 00:00 0 
e4900000-e4af9000 rw-p 00000000 00:00 0 
e4af9000-e4b00000 ---p 00000000 00:00 0 
e4b00000-e4cf1000 rw-p 00000000 00:00 0 
e4cf1000-e4d00000 ---p 00000000 00:00 0 
e4d00000-e4dfe000 rw-p 00000000 00:00 0 
e4dfe000-e4e00000 ---p 00000000 00:00 0 
e4e00000-e4f00000 rw-p 00000000 00:00 0 
e4f00000-e5100000 rw-p 00000000 00:00 0 
e5100000-e52fd000 rw-p 00000000 00:00 0 
e52fd000-e5300000 ---p 00000000 00:00 0 
e5300000-e5500000 rw-p 00000000 00:00 0 
e5500000-e55ff000 rw-p 00000000 00:00 0 
e55ff000-e5600000 ---p 00000000 00:00 0 
e5600000-e5700000 rw-p 00000000 00:00 0 
e5700000-e5900000 rw-p 00000000 00:00 0 
e5900000-e59ff000 rw-p 00000000 00:00 0 
e59ff000-e5a00000 ---p 00000000 00:00 0 
e5a00000-e5b00000 rw-p 00000000 00:00 0 OGP_HOME_000000001_startup_scr.sh: line 2: 26354 Aborted                 ./samp03svr
Server './samp03svr ' crashed with exit code 0.  Respawning...

Started server on 139.99.61.26:7777, with maxplayers: 300 lanmode is OFF.

